# JRE version: OpenJDK Runtime Environment Temurin-21.0.11+10 (21.0.11+10) (build 21.0.11+10-LTS)
# Java VM: OpenJDK 64-Bit Server VM Temurin-21.0.11+10 (21.0.11+10-LTS, mixed mode, sharing, tiered, compressed oops, compressed class ptrs, parallel gc, windows-amd64)
GC Precious Log:
 CardTable entry size: 512
 CPUs: 4 total, 4 available
 Memory: 3962M
 Large Page Support: Disabled
 NUMA Support: Disabled
 Compressed Oops: Enabled (32-bit)
 Alignments: Space 512K, Generation 512K, Heap 2M
 Heap Min Capacity: 100M
 Heap Initial Capacity: 100M
 Heap Max Capacity: 2G
 Pre-touch: Disabled
 Parallel Workers: 4
Heap:
 PSYoungGen      total 2560K, used 363K [0x00000000d5580000, 0x00000000d5a00000, 0x0000000100000000)
  eden space 2048K, 11% used [0x00000000d5580000,0x00000000d55baff0,0x00000000d5780000)
  from space 512K, 25% used [0x00000000d5980000,0x00000000d59a0000,0x00000000d5a00000)
  to   space 512K, 0% used [0x00000000d5900000,0x00000000d5900000,0x00000000d5980000)
 ParOldGen       total 476160K, used 475837K [0x0000000080000000, 0x000000009d100000, 0x00000000d5580000)
  object space 476160K, 99% used [0x0000000080000000,0x000000009d0af7d0,0x000000009d100000)
 Metaspace       used 76602K, committed 78208K, reserved 1179648K
  class space    used 8330K, committed 9024K, reserved 1048576K
GC Heap History (20 events):
Event: 196.659 GC heap before
{Heap before GC invocations=490 (full 3):
 PSYoungGen      total 2560K, used 2239K [0x00000000d5580000, 0x00000000d5a00000, 0x0000000100000000)
  eden space 2048K, 99% used [0x00000000d5580000,0x00000000d577fff8,0x00000000d5780000)
  from space 512K, 37% used [0x00000000d5980000,0x00000000d59b0000,0x00000000d5a00000)
  to   space 512K, 0% used [0x00000000d5900000,0x00000000d5900000,0x00000000d5980000)
 ParOldGen       total 474624K, used 474153K [0x0000000080000000, 0x000000009cf80000, 0x00000000d5580000)
  object space 474624K, 99% used [0x0000000080000000,0x000000009cf0a490,0x000000009cf80000)
 Metaspace       used 75168K, committed 76736K, reserved 1179648K
  class space    used 8133K, committed 8832K, reserved 1048576K
}
Event: 196.682 GC heap after
{Heap after GC invocations=490 (full 3):
 PSYoungGen      total 2560K, used 492K [0x00000000d5580000, 0x00000000d5a00000, 0x0000000100000000)
  eden space 2048K, 0% used [0x00000000d5580000,0x00000000d5580000,0x00000000d5780000)
  from space 512K, 96% used [0x00000000d5900000,0x00000000d597b0d8,0x00000000d5980000)
  to   space 512K, 0% used [0x00000000d5980000,0x00000000d5980000,0x00000000d5a00000)
 ParOldGen       total 474624K, used 474265K [0x0000000080000000, 0x000000009cf80000, 0x00000000d5580000)
  object space 474624K, 99% used [0x0000000080000000,0x000000009cf264a0,0x000000009cf80000)
 Metaspace       used 75168K, committed 76736K, reserved 1179648K
  class space    used 8133K, committed 8832K, reserved 1048576K
}
Event: 197.726 GC heap before
{Heap before GC invocations=491 (full 3):
 PSYoungGen      total 2560K, used 2302K [0x00000000d5580000, 0x00000000d5a00000, 0x0000000100000000)
  eden space 2048K, 88% used [0x00000000d5580000,0x00000000d5744888,0x00000000d5780000)
  from space 512K, 96% used [0x00000000d5900000,0x00000000d597b0d8,0x00000000d5980000)
  to   space 512K, 0% used [0x00000000d5980000,0x00000000d5980000,0x00000000d5a00000)
 ParOldGen       total 474624K, used 474265K [0x0000000080000000, 0x000000009cf80000, 0x00000000d5580000)
  object space 474624K, 99% used [0x0000000080000000,0x000000009cf264a0,0x000000009cf80000)
 Metaspace       used 75324K, committed 76928K, reserved 1179648K
  class space    used 8141K, committed 8832K, reserved 1048576K
}
Event: 197.731 GC heap after
{Heap after GC invocations=491 (full 3):
 PSYoungGen      total 2560K, used 192K [0x00000000d5580000, 0x00000000d5a00000, 0x0000000100000000)
  eden space 2048K, 0% used [0x00000000d5580000,0x00000000d5580000,0x00000000d5780000)
  from space 512K, 37% used [0x00000000d5980000,0x00000000d59b0020,0x00000000d5a00000)
  to   space 512K, 0% used [0x00000000d5900000,0x00000000d5900000,0x00000000d5980000)
 ParOldGen       total 474624K, used 474581K [0x0000000080000000, 0x000000009cf80000, 0x00000000d5580000)
  object space 474624K, 99% used [0x0000000080000000,0x000000009cf75578,0x000000009cf80000)
 Metaspace       used 75324K, committed 76928K, reserved 1179648K
  class space    used 8141K, committed 8832K, reserved 1048576K
}
Event: 198.044 GC heap before
{Heap before GC invocations=492 (full 3):
 PSYoungGen      total 2560K, used 2240K [0x00000000d5580000, 0x00000000d5a00000, 0x0000000100000000)
  eden space 2048K, 100% used [0x00000000d5580000,0x00000000d5780000,0x00000000d5780000)
  from space 512K, 37% used [0x00000000d5980000,0x00000000d59b0020,0x00000000d5a00000)
  to   space 512K, 0% used [0x00000000d5900000,0x00000000d5900000,0x00000000d5980000)
 ParOldGen       total 474624K, used 474581K [0x0000000080000000, 0x000000009cf80000, 0x00000000d5580000)
  object space 474624K, 99% used [0x0000000080000000,0x000000009cf75578,0x000000009cf80000)
 Metaspace       used 75477K, committed 77056K, reserved 1179648K
  class space    used 8163K, committed 8896K, reserved 1048576K
}
Event: 198.049 GC heap after
{Heap after GC invocations=492 (full 3):
 PSYoungGen      total 2560K, used 160K [0x00000000d5580000, 0x00000000d5a00000, 0x0000000100000000)
  eden space 2048K, 0% used [0x00000000d5580000,0x00000000d5580000,0x00000000d5780000)
  from space 512K, 31% used [0x00000000d5900000,0x00000000d5928000,0x00000000d5980000)
  to   space 512K, 0% used [0x00000000d5980000,0x00000000d5980000,0x00000000d5a00000)
 ParOldGen       total 475136K, used 474685K [0x0000000080000000, 0x000000009d000000, 0x00000000d5580000)
  object space 475136K, 99% used [0x0000000080000000,0x000000009cf8f598,0x000000009d000000)
 Metaspace       used 75477K, committed 77056K, reserved 1179648K
  class space    used 8163K, committed 8896K, reserved 1048576K
}
Event: 198.376 GC heap before
{Heap before GC invocations=493 (full 3):
 PSYoungGen      total 2560K, used 2121K [0x00000000d5580000, 0x00000000d5a00000, 0x0000000100000000)
  eden space 2048K, 95% used [0x00000000d5580000,0x00000000d576a638,0x00000000d5780000)
  from space 512K, 31% used [0x00000000d5900000,0x00000000d5928000,0x00000000d5980000)
  to   space 512K, 0% used [0x00000000d5980000,0x00000000d5980000,0x00000000d5a00000)
 ParOldGen       total 475136K, used 474685K [0x0000000080000000, 0x000000009d000000, 0x00000000d5580000)
  object space 475136K, 99% used [0x0000000080000000,0x000000009cf8f598,0x000000009d000000)
 Metaspace       used 75575K, committed 77184K, reserved 1179648K
  class space    used 8184K, committed 8896K, reserved 1048576K
}
Event: 198.383 GC heap after
{Heap after GC invocations=493 (full 3):
 PSYoungGen      total 2560K, used 419K [0x00000000d5580000, 0x00000000d5a00000, 0x0000000100000000)
  eden space 2048K, 0% used [0x00000000d5580000,0x00000000d5580000,0x00000000d5780000)
  from space 512K, 81% used [0x00000000d5980000,0x00000000d59e8d40,0x00000000d5a00000)
  to   space 512K, 0% used [0x00000000d5900000,0x00000000d5900000,0x00000000d5980000)
 ParOldGen       total 475136K, used 474765K [0x0000000080000000, 0x000000009d000000, 0x00000000d5580000)
  object space 475136K, 99% used [0x0000000080000000,0x000000009cfa3598,0x000000009d000000)
 Metaspace       used 75575K, committed 77184K, reserved 1179648K
  class space    used 8184K, committed 8896K, reserved 1048576K
}
Event: 198.461 GC heap before
{Heap before GC invocations=494 (full 3):
 PSYoungGen      total 2560K, used 2467K [0x00000000d5580000, 0x00000000d5a00000, 0x0000000100000000)
  eden space 2048K, 100% used [0x00000000d5580000,0x00000000d5780000,0x00000000d5780000)
  from space 512K, 81% used [0x00000000d5980000,0x00000000d59e8d40,0x00000000d5a00000)
  to   space 512K, 0% used [0x00000000d5900000,0x00000000d5900000,0x00000000d5980000)
 ParOldGen       total 475136K, used 474765K [0x0000000080000000, 0x000000009d000000, 0x00000000d5580000)
  object space 475136K, 99% used [0x0000000080000000,0x000000009cfa3598,0x000000009d000000)
 Metaspace       used 75575K, committed 77184K, reserved 1179648K
  class space    used 8184K, committed 8896K, reserved 1048576K
}
Event: 198.468 GC heap after
{Heap after GC invocations=494 (full 3):
 PSYoungGen      total 2560K, used 490K [0x00000000d5580000, 0x00000000d5a80000, 0x0000000100000000)
  eden space 2048K, 0% used [0x00000000d5580000,0x00000000d5580000,0x00000000d5780000)
  from space 512K, 95% used [0x00000000d5900000,0x00000000d597aa80,0x00000000d5980000)
  to   space 1024K, 0% used [0x00000000d5980000,0x00000000d5980000,0x00000000d5a80000)
 ParOldGen       total 475648K, used 475244K [0x0000000080000000, 0x000000009d080000, 0x00000000d5580000)
  object space 475648K, 99% used [0x0000000080000000,0x000000009d01b250,0x000000009d080000)
 Metaspace       used 75575K, committed 77184K, reserved 1179648K
  class space    used 8184K, committed 8896K, reserved 1048576K
}
Event: 198.523 GC heap before
{Heap before GC invocations=495 (full 3):
 PSYoungGen      total 2560K, used 2538K [0x00000000d5580000, 0x00000000d5a80000, 0x0000000100000000)
  eden space 2048K, 100% used [0x00000000d5580000,0x00000000d5780000,0x00000000d5780000)
  from space 512K, 95% used [0x00000000d5900000,0x00000000d597aa80,0x00000000d5980000)
  to   space 1024K, 0% used [0x00000000d5980000,0x00000000d5980000,0x00000000d5a80000)
 ParOldGen       total 475648K, used 475244K [0x0000000080000000, 0x000000009d080000, 0x00000000d5580000)
  object space 475648K, 99% used [0x0000000080000000,0x000000009d01b250,0x000000009d080000)
 Metaspace       used 75579K, committed 77184K, reserved 1179648K
  class space    used 8184K, committed 8896K, reserved 1048576K
}
Event: 198.528 GC heap after
{Heap after GC invocations=495 (full 3):
 PSYoungGen      total 3072K, used 803K [0x00000000d5580000, 0x00000000d5a80000, 0x0000000100000000)
  eden space 2048K, 0% used [0x00000000d5580000,0x00000000d5580000,0x00000000d5780000)
  from space 1024K, 78% used [0x00000000d5980000,0x00000000d5a48cd0,0x00000000d5a80000)
  to   space 1024K, 0% used [0x00000000d5880000,0x00000000d5880000,0x00000000d5980000)
 ParOldGen       total 475648K, used 475430K [0x0000000080000000, 0x000000009d080000, 0x00000000d5580000)
  object space 475648K, 99% used [0x0000000080000000,0x000000009d0498f0,0x000000009d080000)
 Metaspace       used 75579K, committed 77184K, reserved 1179648K
  class space    used 8184K, committed 8896K, reserved 1048576K
}
Event: 198.688 GC heap before
{Heap before GC invocations=496 (full 3):
 PSYoungGen      total 3072K, used 2851K [0x00000000d5580000, 0x00000000d5a80000, 0x0000000100000000)
  eden space 2048K, 100% used [0x00000000d5580000,0x00000000d5780000,0x00000000d5780000)
  from space 1024K, 78% used [0x00000000d5980000,0x00000000d5a48cd0,0x00000000d5a80000)
  to   space 1024K, 0% used [0x00000000d5880000,0x00000000d5880000,0x00000000d5980000)
 ParOldGen       total 475648K, used 475430K [0x0000000080000000, 0x000000009d080000, 0x00000000d5580000)
  object space 475648K, 99% used [0x0000000080000000,0x000000009d0498f0,0x000000009d080000)
 Metaspace       used 75760K, committed 77312K, reserved 1179648K
  class space    used 8195K, committed 8896K, reserved 1048576K
}
Event: 198.692 GC heap after
{Heap after GC invocations=496 (full 3):
 PSYoungGen      total 3072K, used 160K [0x00000000d5580000, 0x00000000d5a00000, 0x0000000100000000)
  eden space 2048K, 0% used [0x00000000d5580000,0x00000000d5580000,0x00000000d5780000)
  from space 1024K, 15% used [0x00000000d5880000,0x00000000d58a8000,0x00000000d5980000)
  to   space 512K, 0% used [0x00000000d5980000,0x00000000d5980000,0x00000000d5a00000)
 ParOldGen       total 475648K, used 475541K [0x0000000080000000, 0x000000009d080000, 0x00000000d5580000)
  object space 475648K, 99% used [0x0000000080000000,0x000000009d0657d0,0x000000009d080000)
 Metaspace       used 75760K, committed 77312K, reserved 1179648K
  class space    used 8195K, committed 8896K, reserved 1048576K
}
Event: 199.381 GC heap before
{Heap before GC invocations=497 (full 3):
 PSYoungGen      total 3072K, used 2208K [0x00000000d5580000, 0x00000000d5a00000, 0x0000000100000000)
  eden space 2048K, 100% used [0x00000000d5580000,0x00000000d5780000,0x00000000d5780000)
  from space 1024K, 15% used [0x00000000d5880000,0x00000000d58a8000,0x00000000d5980000)
  to   space 512K, 0% used [0x00000000d5980000,0x00000000d5980000,0x00000000d5a00000)
 ParOldGen       total 475648K, used 475541K [0x0000000080000000, 0x000000009d080000, 0x00000000d5580000)
  object space 475648K, 99% used [0x0000000080000000,0x000000009d0657d0,0x000000009d080000)
 Metaspace       used 76171K, committed 77696K, reserved 1179648K
  class space    used 8269K, committed 8960K, reserved 1048576K
}
Event: 199.392 GC heap after
{Heap after GC invocations=497 (full 3):
 PSYoungGen      total 2560K, used 256K [0x00000000d5580000, 0x00000000d5a00000, 0x0000000100000000)
  eden space 2048K, 0% used [0x00000000d5580000,0x00000000d5580000,0x00000000d5780000)
  from space 512K, 50% used [0x00000000d5980000,0x00000000d59c0000,0x00000000d5a00000)
  to   space 512K, 0% used [0x00000000d5900000,0x00000000d5900000,0x00000000d5980000)
 ParOldGen       total 475648K, used 475597K [0x0000000080000000, 0x000000009d080000, 0x00000000d5580000)
  object space 475648K, 99% used [0x0000000080000000,0x000000009d0737d0,0x000000009d080000)
 Metaspace       used 76171K, committed 77696K, reserved 1179648K
  class space    used 8269K, committed 8960K, reserved 1048576K
}
Event: 199.741 GC heap before
{Heap before GC invocations=498 (full 3):
 PSYoungGen      total 2560K, used 2304K [0x00000000d5580000, 0x00000000d5a00000, 0x0000000100000000)
  eden space 2048K, 100% used [0x00000000d5580000,0x00000000d5780000,0x00000000d5780000)
  from space 512K, 50% used [0x00000000d5980000,0x00000000d59c0000,0x00000000d5a00000)
  to   space 512K, 0% used [0x00000000d5900000,0x00000000d5900000,0x00000000d5980000)
 ParOldGen       total 475648K, used 475597K [0x0000000080000000, 0x000000009d080000, 0x00000000d5580000)
  object space 475648K, 99% used [0x0000000080000000,0x000000009d0737d0,0x000000009d080000)
 Metaspace       used 76504K, committed 78144K, reserved 1179648K
  class space    used 8316K, committed 9024K, reserved 1048576K
}
Event: 199.746 GC heap after
{Heap after GC invocations=498 (full 3):
 PSYoungGen      total 2560K, used 256K [0x00000000d5580000, 0x00000000d5a00000, 0x0000000100000000)
  eden space 2048K, 0% used [0x00000000d5580000,0x00000000d5580000,0x00000000d5780000)
  from space 512K, 50% used [0x00000000d5900000,0x00000000d5940000,0x00000000d5980000)
  to   space 512K, 0% used [0x00000000d5980000,0x00000000d5980000,0x00000000d5a00000)
 ParOldGen       total 476160K, used 475709K [0x0000000080000000, 0x000000009d100000, 0x00000000d5580000)
  object space 476160K, 99% used [0x0000000080000000,0x000000009d08f7d0,0x000000009d100000)
 Metaspace       used 76504K, committed 78144K, reserved 1179648K
  class space    used 8316K, committed 9024K, reserved 1048576K
}
Event: 199.888 GC heap before
{Heap before GC invocations=499 (full 3):
 PSYoungGen      total 2560K, used 2304K [0x00000000d5580000, 0x00000000d5a00000, 0x0000000100000000)
  eden space 2048K, 100% used [0x00000000d5580000,0x00000000d5780000,0x00000000d5780000)
  from space 512K, 50% used [0x00000000d5900000,0x00000000d5940000,0x00000000d5980000)
  to   space 512K, 0% used [0x00000000d5980000,0x00000000d5980000,0x00000000d5a00000)
 ParOldGen       total 476160K, used 475709K [0x0000000080000000, 0x000000009d100000, 0x00000000d5580000)
  object space 476160K, 99% used [0x0000000080000000,0x000000009d08f7d0,0x000000009d100000)
 Metaspace       used 76575K, committed 78208K, reserved 1179648K
  class space    used 8327K, committed 9024K, reserved 1048576K
}
Event: 199.892 GC heap after
{Heap after GC invocations=499 (full 3):
 PSYoungGen      total 2560K, used 128K [0x00000000d5580000, 0x00000000d5a00000, 0x0000000100000000)
  eden space 2048K, 0% used [0x00000000d5580000,0x00000000d5580000,0x00000000d5780000)
  from space 512K, 25% used [0x00000000d5980000,0x00000000d59a0000,0x00000000d5a00000)
  to   space 512K, 0% used [0x00000000d5900000,0x00000000d5900000,0x00000000d5980000)
 ParOldGen       total 476160K, used 475837K [0x0000000080000000, 0x000000009d100000, 0x00000000d5580000)
  object space 476160K, 99% used [0x0000000080000000,0x000000009d0af7d0,0x000000009d100000)
 Metaspace       used 76575K, committed 78208K, reserved 1179648K
  class space    used 8327K, committed 9024K, reserved 1048576K
}

